2023-10-10T16:18:29.065+09:00  INFO 16704 --- [restartedMain] kr.co.sboard.SboardApplication           : Starting SboardApplication using Java 17.0.8 with PID 16704 (C:\Users\fg012\Desktop\workspace\Spring\Sboard\build\classes\java\main started by fg012 in C:\Users\fg012\Desktop\workspace\Spring\Sboard)
2023-10-10T16:18:29.066+09:00  INFO 16704 --- [restartedMain] kr.co.sboard.SboardApplication           : No active profile set, falling back to 1 default profile: "default"
2023-10-10T16:18:29.091+09:00  INFO 16704 --- [restartedMain] .e.DevToolsPropertyDefaultsPostProcessor : Devtools property defaults active! Set 'spring.devtools.add-properties' to 'false' to disable
2023-10-10T16:18:29.091+09:00  INFO 16704 --- [restartedMain] .e.DevToolsPropertyDefaultsPostProcessor : For additional web related logging consider setting the 'logging.level.web' property to 'DEBUG'
2023-10-10T16:18:29.382+09:00  INFO 16704 --- [restartedMain] .s.d.r.c.RepositoryConfigurationDelegate : Bootstrapping Spring Data JPA repositories in DEFAULT mode.
2023-10-10T16:18:29.388+09:00  INFO 16704 --- [restartedMain] .s.d.r.c.RepositoryConfigurationDelegate : Finished Spring Data repository scanning in 2 ms. Found 0 JPA repository interfaces.
2023-10-10T16:18:29.453+09:00  WARN 16704 --- [restartedMain] o.m.s.mapper.ClassPathMapperScanner      : No MyBatis mapper was found in '[kr.co.sboard]' package. Please check your configuration.
2023-10-10T16:18:29.726+09:00  INFO 16704 --- [restartedMain] o.s.b.w.embedded.tomcat.TomcatWebServer  : Tomcat initialized with port(s): 8080 (http)
2023-10-10T16:18:29.732+09:00  INFO 16704 --- [restartedMain] o.apache.catalina.core.StandardService   : Starting service [Tomcat]
2023-10-10T16:18:29.733+09:00  INFO 16704 --- [restartedMain] o.apache.catalina.core.StandardEngine    : Starting Servlet engine: [Apache Tomcat/10.1.13]
2023-10-10T16:18:29.768+09:00  INFO 16704 --- [restartedMain] o.a.c.c.C.[Tomcat].[localhost].[/]       : Initializing Spring embedded WebApplicationContext
2023-10-10T16:18:29.768+09:00  INFO 16704 --- [restartedMain] w.s.c.ServletWebServerApplicationContext : Root WebApplicationContext: initialization completed in 676 ms
2023-10-10T16:18:29.859+09:00  INFO 16704 --- [restartedMain] o.hibernate.jpa.internal.util.LogHelper  : HHH000204: Processing PersistenceUnitInfo [name: default]
2023-10-10T16:18:29.885+09:00  INFO 16704 --- [restartedMain] org.hibernate.Version                    : HHH000412: Hibernate ORM core version 6.2.9.Final
2023-10-10T16:18:29.886+09:00  INFO 16704 --- [restartedMain] org.hibernate.cfg.Environment            : HHH000406: Using bytecode reflection optimizer
2023-10-10T16:18:29.953+09:00  INFO 16704 --- [restartedMain] o.h.b.i.BytecodeProviderInitiator        : HHH000021: Bytecode provider name : bytebuddy
2023-10-10T16:18:30.021+09:00  INFO 16704 --- [restartedMain] o.s.o.j.p.SpringPersistenceUnitInfo      : No LoadTimeWeaver setup: ignoring JPA class transformer
2023-10-10T16:18:30.029+09:00  INFO 16704 --- [restartedMain] com.zaxxer.hikari.HikariDataSource       : HikariPool-1 - Starting...
2023-10-10T16:18:30.274+09:00  INFO 16704 --- [restartedMain] com.zaxxer.hikari.pool.HikariPool        : HikariPool-1 - Added connection com.mysql.cj.jdbc.ConnectionImpl@5f043ff2
2023-10-10T16:18:30.275+09:00  INFO 16704 --- [restartedMain] com.zaxxer.hikari.HikariDataSource       : HikariPool-1 - Start completed.
2023-10-10T16:18:30.311+09:00  WARN 16704 --- [restartedMain] org.hibernate.orm.deprecation            : HHH90000026: MySQL57Dialect has been deprecated; use org.hibernate.dialect.MySQLDialect instead
2023-10-10T16:18:30.357+09:00  INFO 16704 --- [restartedMain] o.h.b.i.BytecodeProviderInitiator        : HHH000021: Bytecode provider name : bytebuddy
2023-10-10T16:18:30.465+09:00  INFO 16704 --- [restartedMain] o.h.e.t.j.p.i.JtaPlatformInitiator       : HHH000490: Using JtaPlatform implementation: [org.hibernate.engine.transaction.jta.platform.internal.NoJtaPlatform]
2023-10-10T16:18:30.468+09:00  INFO 16704 --- [restartedMain] j.LocalContainerEntityManagerFactoryBean : Initialized JPA EntityManagerFactory for persistence unit 'default'
2023-10-10T16:18:30.490+09:00  WARN 16704 --- [restartedMain] JpaBaseConfiguration$JpaWebConfiguration : spring.jpa.open-in-view is enabled by default. Therefore, database queries may be performed during view rendering. Explicitly configure spring.jpa.open-in-view to disable this warning
2023-10-10T16:18:30.565+09:00  INFO 16704 --- [restartedMain] o.s.b.a.w.s.WelcomePageHandlerMapping    : Adding welcome page template: index
2023-10-10T16:18:30.760+09:00  INFO 16704 --- [restartedMain] o.s.s.web.DefaultSecurityFilterChain     : Will secure any request with [org.springframework.security.web.session.DisableEncodeUrlFilter@47908ccd, org.springframework.security.web.context.request.async.WebAsyncManagerIntegrationFilter@29e518c2, org.springframework.security.web.context.SecurityContextHolderFilter@25d70c97, org.springframework.security.web.header.HeaderWriterFilter@3da4539c, org.springframework.security.web.csrf.CsrfFilter@503efa2d, org.springframework.security.web.authentication.logout.LogoutFilter@721adff0, org.springframework.security.web.authentication.UsernamePasswordAuthenticationFilter@2c07eae6, org.springframework.security.web.authentication.ui.DefaultLoginPageGeneratingFilter@784fa6d8, org.springframework.security.web.authentication.ui.DefaultLogoutPageGeneratingFilter@38fd4a9c, org.springframework.security.web.authentication.www.BasicAuthenticationFilter@6ca0577a, org.springframework.security.web.savedrequest.RequestCacheAwareFilter@778ed595, org.springframework.security.web.servletapi.SecurityContextHolderAwareRequestFilter@7ce04c2b, org.springframework.security.web.authentication.AnonymousAuthenticationFilter@29aea217, org.springframework.security.web.access.ExceptionTranslationFilter@704d712a, org.springframework.security.web.access.intercept.AuthorizationFilter@5003a70e]
2023-10-10T16:18:30.795+09:00  INFO 16704 --- [restartedMain] o.s.b.d.a.OptionalLiveReloadServer       : LiveReload server is running on port 35729
2023-10-10T16:18:30.812+09:00  INFO 16704 --- [restartedMain] o.s.b.w.embedded.tomcat.TomcatWebServer  : Tomcat started on port(s): 8080 (http) with context path ''
2023-10-10T16:18:30.817+09:00  INFO 16704 --- [restartedMain] kr.co.sboard.SboardApplication           : Started SboardApplication in 1.949 seconds (process running for 2.165)
2023-10-10T16:18:32.826+09:00  INFO 16704 --- [http-nio-8080-exec-1] o.a.c.c.C.[Tomcat].[localhost].[/]       : Initializing Spring DispatcherServlet 'dispatcherServlet'
2023-10-10T16:18:32.826+09:00  INFO 16704 --- [http-nio-8080-exec-1] o.s.web.servlet.DispatcherServlet        : Initializing Servlet 'dispatcherServlet'
2023-10-10T16:18:32.826+09:00  INFO 16704 --- [http-nio-8080-exec-1] o.s.web.servlet.DispatcherServlet        : Completed initialization in 0 ms
2023-10-10T16:18:32.830+09:00 DEBUG 16704 --- [http-nio-8080-exec-1] o.s.security.web.FilterChainProxy        : Securing GET /user/login
2023-10-10T16:18:32.835+09:00 DEBUG 16704 --- [http-nio-8080-exec-1] o.s.s.w.a.AnonymousAuthenticationFilter  : Set SecurityContextHolder to anonymous SecurityContext
2023-10-10T16:18:32.852+09:00 DEBUG 16704 --- [http-nio-8080-exec-1] o.s.s.w.s.HttpSessionRequestCache        : Saved request http://localhost:8080/user/login?continue to session
2023-10-10T16:18:32.854+09:00 DEBUG 16704 --- [http-nio-8080-exec-1] s.w.a.DelegatingAuthenticationEntryPoint : Trying to match using And [Not [RequestHeaderRequestMatcher [expectedHeaderName=X-Requested-With, expectedHeaderValue=XMLHttpRequest]], MediaTypeRequestMatcher [contentNegotiationStrategy=org.springframework.web.accept.ContentNegotiationManager@17e6aecd, matchingMediaTypes=[application/xhtml+xml, image/*, text/html, text/plain], useEquals=false, ignoredMediaTypes=[*/*]]]
2023-10-10T16:18:32.855+09:00 DEBUG 16704 --- [http-nio-8080-exec-1] s.w.a.DelegatingAuthenticationEntryPoint : Match found! Executing org.springframework.security.web.authentication.LoginUrlAuthenticationEntryPoint@565bf559
2023-10-10T16:18:32.856+09:00 DEBUG 16704 --- [http-nio-8080-exec-1] o.s.s.web.DefaultRedirectStrategy        : Redirecting to http://localhost:8080/login
2023-10-10T16:18:32.862+09:00 DEBUG 16704 --- [http-nio-8080-exec-2] o.s.security.web.FilterChainProxy        : Securing GET /login
2023-10-10T16:18:35.737+09:00 DEBUG 16704 --- [http-nio-8080-exec-3] o.s.security.web.FilterChainProxy        : Securing POST /login
2023-10-10T16:18:35.861+09:00 DEBUG 16704 --- [http-nio-8080-exec-3] o.s.s.a.dao.DaoAuthenticationProvider    : Authenticated user
2023-10-10T16:18:35.862+09:00 DEBUG 16704 --- [http-nio-8080-exec-3] .s.ChangeSessionIdAuthenticationStrategy : Changed session id from F8EC9D522625AC3F4B4CEF3EC5362AA1
2023-10-10T16:18:35.863+09:00 DEBUG 16704 --- [http-nio-8080-exec-3] o.s.s.w.csrf.CsrfAuthenticationStrategy  : Replaced CSRF Token
2023-10-10T16:18:35.863+09:00 DEBUG 16704 --- [http-nio-8080-exec-3] w.c.HttpSessionSecurityContextRepository : Stored SecurityContextImpl [Authentication=UsernamePasswordAuthenticationToken [Principal=org.springframework.security.core.userdetails.User [Username=user, Password=[PROTECTED], Enabled=true, AccountNonExpired=true, credentialsNonExpired=true, AccountNonLocked=true, Granted Authorities=[]], Credentials=[PROTECTED], Authenticated=true, Details=WebAuthenticationDetails [RemoteIpAddress=0:0:0:0:0:0:0:1, SessionId=F8EC9D522625AC3F4B4CEF3EC5362AA1], Granted Authorities=[]]] to HttpSession [org.apache.catalina.session.StandardSessionFacade@9d6b821]
2023-10-10T16:18:35.863+09:00 DEBUG 16704 --- [http-nio-8080-exec-3] w.a.UsernamePasswordAuthenticationFilter : Set SecurityContextHolder to UsernamePasswordAuthenticationToken [Principal=org.springframework.security.core.userdetails.User [Username=user, Password=[PROTECTED], Enabled=true, AccountNonExpired=true, credentialsNonExpired=true, AccountNonLocked=true, Granted Authorities=[]], Credentials=[PROTECTED], Authenticated=true, Details=WebAuthenticationDetails [RemoteIpAddress=0:0:0:0:0:0:0:1, SessionId=F8EC9D522625AC3F4B4CEF3EC5362AA1], Granted Authorities=[]]
2023-10-10T16:18:35.863+09:00 DEBUG 16704 --- [http-nio-8080-exec-3] o.s.s.web.DefaultRedirectStrategy        : Redirecting to http://localhost:8080/user/login?continue
2023-10-10T16:18:35.865+09:00 DEBUG 16704 --- [http-nio-8080-exec-4] o.s.security.web.FilterChainProxy        : Securing GET /user/login?continue
2023-10-10T16:18:35.870+09:00 DEBUG 16704 --- [http-nio-8080-exec-4] o.s.s.w.s.HttpSessionRequestCache        : Loaded matching saved request http://localhost:8080/user/login?continue
2023-10-10T16:18:35.871+09:00 DEBUG 16704 --- [http-nio-8080-exec-4] w.c.HttpSessionSecurityContextRepository : Retrieved SecurityContextImpl [Authentication=UsernamePasswordAuthenticationToken [Principal=org.springframework.security.core.userdetails.User [Username=user, Password=[PROTECTED], Enabled=true, AccountNonExpired=true, credentialsNonExpired=true, AccountNonLocked=true, Granted Authorities=[]], Credentials=[PROTECTED], Authenticated=true, Details=WebAuthenticationDetails [RemoteIpAddress=0:0:0:0:0:0:0:1, SessionId=F8EC9D522625AC3F4B4CEF3EC5362AA1], Granted Authorities=[]]]
2023-10-10T16:18:35.871+09:00 DEBUG 16704 --- [http-nio-8080-exec-4] o.s.security.web.FilterChainProxy        : Secured GET /user/login?continue
2023-10-10T16:18:35.903+09:00 DEBUG 16704 --- [http-nio-8080-exec-4] o.s.security.web.FilterChainProxy        : Securing GET /error?continue
2023-10-10T16:18:35.903+09:00 DEBUG 16704 --- [http-nio-8080-exec-4] w.c.HttpSessionSecurityContextRepository : Retrieved SecurityContextImpl [Authentication=UsernamePasswordAuthenticationToken [Principal=org.springframework.security.core.userdetails.User [Username=user, Password=[PROTECTED], Enabled=true, AccountNonExpired=true, credentialsNonExpired=true, AccountNonLocked=true, Granted Authorities=[]], Credentials=[PROTECTED], Authenticated=true, Details=WebAuthenticationDetails [RemoteIpAddress=0:0:0:0:0:0:0:1, SessionId=F8EC9D522625AC3F4B4CEF3EC5362AA1], Granted Authorities=[]]]
2023-10-10T16:18:35.903+09:00 DEBUG 16704 --- [http-nio-8080-exec-4] o.s.security.web.FilterChainProxy        : Secured GET /error?continue
2023-10-10T16:21:09.152+09:00  INFO 2288 --- [restartedMain] kr.co.sboard.SboardApplication           : Starting SboardApplication using Java 17.0.8 with PID 2288 (C:\Users\fg012\Desktop\workspace\Spring\Sboard\build\classes\java\main started by fg012 in C:\Users\fg012\Desktop\workspace\Spring\Sboard)
2023-10-10T16:21:09.153+09:00  INFO 2288 --- [restartedMain] kr.co.sboard.SboardApplication           : No active profile set, falling back to 1 default profile: "default"
2023-10-10T16:21:09.177+09:00  INFO 2288 --- [restartedMain] .e.DevToolsPropertyDefaultsPostProcessor : Devtools property defaults active! Set 'spring.devtools.add-properties' to 'false' to disable
2023-10-10T16:21:09.177+09:00  INFO 2288 --- [restartedMain] .e.DevToolsPropertyDefaultsPostProcessor : For additional web related logging consider setting the 'logging.level.web' property to 'DEBUG'
2023-10-10T16:21:09.477+09:00  INFO 2288 --- [restartedMain] .s.d.r.c.RepositoryConfigurationDelegate : Bootstrapping Spring Data JPA repositories in DEFAULT mode.
2023-10-10T16:21:09.483+09:00  INFO 2288 --- [restartedMain] .s.d.r.c.RepositoryConfigurationDelegate : Finished Spring Data repository scanning in 2 ms. Found 0 JPA repository interfaces.
2023-10-10T16:21:09.550+09:00  WARN 2288 --- [restartedMain] o.m.s.mapper.ClassPathMapperScanner      : No MyBatis mapper was found in '[kr.co.sboard]' package. Please check your configuration.
2023-10-10T16:21:09.812+09:00  INFO 2288 --- [restartedMain] o.s.b.w.embedded.tomcat.TomcatWebServer  : Tomcat initialized with port(s): 8080 (http)
2023-10-10T16:21:09.817+09:00  INFO 2288 --- [restartedMain] o.apache.catalina.core.StandardService   : Starting service [Tomcat]
2023-10-10T16:21:09.818+09:00  INFO 2288 --- [restartedMain] o.apache.catalina.core.StandardEngine    : Starting Servlet engine: [Apache Tomcat/10.1.13]
2023-10-10T16:21:09.853+09:00  INFO 2288 --- [restartedMain] o.a.c.c.C.[Tomcat].[localhost].[/]       : Initializing Spring embedded WebApplicationContext
2023-10-10T16:21:09.853+09:00  INFO 2288 --- [restartedMain] w.s.c.ServletWebServerApplicationContext : Root WebApplicationContext: initialization completed in 676 ms
2023-10-10T16:21:09.937+09:00  INFO 2288 --- [restartedMain] o.hibernate.jpa.internal.util.LogHelper  : HHH000204: Processing PersistenceUnitInfo [name: default]
2023-10-10T16:21:09.960+09:00  INFO 2288 --- [restartedMain] org.hibernate.Version                    : HHH000412: Hibernate ORM core version 6.2.9.Final
2023-10-10T16:21:09.962+09:00  INFO 2288 --- [restartedMain] org.hibernate.cfg.Environment            : HHH000406: Using bytecode reflection optimizer
2023-10-10T16:21:10.026+09:00  INFO 2288 --- [restartedMain] o.h.b.i.BytecodeProviderInitiator        : HHH000021: Bytecode provider name : bytebuddy
2023-10-10T16:21:10.090+09:00  INFO 2288 --- [restartedMain] o.s.o.j.p.SpringPersistenceUnitInfo      : No LoadTimeWeaver setup: ignoring JPA class transformer
2023-10-10T16:21:10.098+09:00  INFO 2288 --- [restartedMain] com.zaxxer.hikari.HikariDataSource       : HikariPool-1 - Starting...
2023-10-10T16:21:10.339+09:00  INFO 2288 --- [restartedMain] com.zaxxer.hikari.pool.HikariPool        : HikariPool-1 - Added connection com.mysql.cj.jdbc.ConnectionImpl@aad7a97
2023-10-10T16:21:10.340+09:00  INFO 2288 --- [restartedMain] com.zaxxer.hikari.HikariDataSource       : HikariPool-1 - Start completed.
2023-10-10T16:21:10.378+09:00  WARN 2288 --- [restartedMain] org.hibernate.orm.deprecation            : HHH90000026: MySQL57Dialect has been deprecated; use org.hibernate.dialect.MySQLDialect instead
2023-10-10T16:21:10.423+09:00  INFO 2288 --- [restartedMain] o.h.b.i.BytecodeProviderInitiator        : HHH000021: Bytecode provider name : bytebuddy
2023-10-10T16:21:10.533+09:00  INFO 2288 --- [restartedMain] o.h.e.t.j.p.i.JtaPlatformInitiator       : HHH000490: Using JtaPlatform implementation: [org.hibernate.engine.transaction.jta.platform.internal.NoJtaPlatform]
2023-10-10T16:21:10.536+09:00  INFO 2288 --- [restartedMain] j.LocalContainerEntityManagerFactoryBean : Initialized JPA EntityManagerFactory for persistence unit 'default'
2023-10-10T16:21:10.555+09:00  WARN 2288 --- [restartedMain] JpaBaseConfiguration$JpaWebConfiguration : spring.jpa.open-in-view is enabled by default. Therefore, database queries may be performed during view rendering. Explicitly configure spring.jpa.open-in-view to disable this warning
2023-10-10T16:21:10.629+09:00  INFO 2288 --- [restartedMain] o.s.b.a.w.s.WelcomePageHandlerMapping    : Adding welcome page template: index
2023-10-10T16:21:10.813+09:00  INFO 2288 --- [restartedMain] o.s.s.web.DefaultSecurityFilterChain     : Will secure any request with [org.springframework.security.web.session.DisableEncodeUrlFilter@726986ea, org.springframework.security.web.context.request.async.WebAsyncManagerIntegrationFilter@46ed55bc, org.springframework.security.web.context.SecurityContextHolderFilter@3b045326, org.springframework.security.web.header.HeaderWriterFilter@2b8e6f0, org.springframework.security.web.csrf.CsrfFilter@3d2df426, org.springframework.security.web.authentication.logout.LogoutFilter@5e41deae, org.springframework.security.web.authentication.UsernamePasswordAuthenticationFilter@f4c168a, org.springframework.security.web.authentication.ui.DefaultLoginPageGeneratingFilter@5a05634b, org.springframework.security.web.authentication.ui.DefaultLogoutPageGeneratingFilter@1be2b9c9, org.springframework.security.web.authentication.www.BasicAuthenticationFilter@4a5fcde6, org.springframework.security.web.savedrequest.RequestCacheAwareFilter@71257c42, org.springframework.security.web.servletapi.SecurityContextHolderAwareRequestFilter@3f55f66d, org.springframework.security.web.authentication.AnonymousAuthenticationFilter@10c6ae6e, org.springframework.security.web.access.ExceptionTranslationFilter@27ba602c, org.springframework.security.web.access.intercept.AuthorizationFilter@261cff9e]
2023-10-10T16:21:10.847+09:00  INFO 2288 --- [restartedMain] o.s.b.d.a.OptionalLiveReloadServer       : LiveReload server is running on port 35729
2023-10-10T16:21:10.863+09:00  INFO 2288 --- [restartedMain] o.s.b.w.embedded.tomcat.TomcatWebServer  : Tomcat started on port(s): 8080 (http) with context path ''
2023-10-10T16:21:10.868+09:00  INFO 2288 --- [restartedMain] kr.co.sboard.SboardApplication           : Started SboardApplication in 1.932 seconds (process running for 2.15)
2023-10-10T16:21:11.792+09:00  INFO 2288 --- [http-nio-8080-exec-1] o.a.c.c.C.[Tomcat].[localhost].[/]       : Initializing Spring DispatcherServlet 'dispatcherServlet'
2023-10-10T16:21:11.792+09:00  INFO 2288 --- [http-nio-8080-exec-1] o.s.web.servlet.DispatcherServlet        : Initializing Servlet 'dispatcherServlet'
2023-10-10T16:21:11.793+09:00  INFO 2288 --- [http-nio-8080-exec-1] o.s.web.servlet.DispatcherServlet        : Completed initialization in 1 ms
2023-10-10T16:21:11.798+09:00 DEBUG 2288 --- [http-nio-8080-exec-1] o.s.security.web.FilterChainProxy        : Securing GET /user/login?continue
2023-10-10T16:21:11.806+09:00 DEBUG 2288 --- [http-nio-8080-exec-1] o.s.s.w.a.AnonymousAuthenticationFilter  : Set SecurityContextHolder to anonymous SecurityContext
2023-10-10T16:21:11.820+09:00 DEBUG 2288 --- [http-nio-8080-exec-1] o.s.s.w.s.HttpSessionRequestCache        : Saved request http://localhost:8080/user/login?continue to session
2023-10-10T16:21:11.822+09:00 DEBUG 2288 --- [http-nio-8080-exec-1] s.w.a.DelegatingAuthenticationEntryPoint : Trying to match using And [Not [RequestHeaderRequestMatcher [expectedHeaderName=X-Requested-With, expectedHeaderValue=XMLHttpRequest]], MediaTypeRequestMatcher [contentNegotiationStrategy=org.springframework.web.accept.ContentNegotiationManager@3366e18f, matchingMediaTypes=[application/xhtml+xml, image/*, text/html, text/plain], useEquals=false, ignoredMediaTypes=[*/*]]]
2023-10-10T16:21:11.823+09:00 DEBUG 2288 --- [http-nio-8080-exec-1] s.w.a.DelegatingAuthenticationEntryPoint : Match found! Executing org.springframework.security.web.authentication.LoginUrlAuthenticationEntryPoint@7fb8e87f
2023-10-10T16:21:11.823+09:00 DEBUG 2288 --- [http-nio-8080-exec-1] o.s.s.web.DefaultRedirectStrategy        : Redirecting to http://localhost:8080/login
2023-10-10T16:21:11.826+09:00 DEBUG 2288 --- [http-nio-8080-exec-2] o.s.security.web.FilterChainProxy        : Securing GET /login
2023-10-10T16:21:12.177+09:00 DEBUG 2288 --- [http-nio-8080-exec-3] o.s.security.web.FilterChainProxy        : Securing GET /login
2023-10-10T16:21:12.365+09:00 DEBUG 2288 --- [http-nio-8080-exec-4] o.s.security.web.FilterChainProxy        : Securing GET /login
2023-10-10T16:21:14.917+09:00 DEBUG 2288 --- [http-nio-8080-exec-5] o.s.security.web.FilterChainProxy        : Securing POST /login
2023-10-10T16:21:15.041+09:00 DEBUG 2288 --- [http-nio-8080-exec-5] o.s.s.a.dao.DaoAuthenticationProvider    : Authenticated user
2023-10-10T16:21:15.045+09:00 DEBUG 2288 --- [http-nio-8080-exec-5] .s.ChangeSessionIdAuthenticationStrategy : Changed session id from 897E1F3FE898EBDFBE5A436C6BB8304F
2023-10-10T16:21:15.046+09:00 DEBUG 2288 --- [http-nio-8080-exec-5] o.s.s.w.csrf.CsrfAuthenticationStrategy  : Replaced CSRF Token
2023-10-10T16:21:15.046+09:00 DEBUG 2288 --- [http-nio-8080-exec-5] w.c.HttpSessionSecurityContextRepository : Stored SecurityContextImpl [Authentication=UsernamePasswordAuthenticationToken [Principal=org.springframework.security.core.userdetails.User [Username=user, Password=[PROTECTED], Enabled=true, AccountNonExpired=true, credentialsNonExpired=true, AccountNonLocked=true, Granted Authorities=[]], Credentials=[PROTECTED], Authenticated=true, Details=WebAuthenticationDetails [RemoteIpAddress=0:0:0:0:0:0:0:1, SessionId=897E1F3FE898EBDFBE5A436C6BB8304F], Granted Authorities=[]]] to HttpSession [org.apache.catalina.session.StandardSessionFacade@298a6338]
2023-10-10T16:21:15.047+09:00 DEBUG 2288 --- [http-nio-8080-exec-5] w.a.UsernamePasswordAuthenticationFilter : Set SecurityContextHolder to UsernamePasswordAuthenticationToken [Principal=org.springframework.security.core.userdetails.User [Username=user, Password=[PROTECTED], Enabled=true, AccountNonExpired=true, credentialsNonExpired=true, AccountNonLocked=true, Granted Authorities=[]], Credentials=[PROTECTED], Authenticated=true, Details=WebAuthenticationDetails [RemoteIpAddress=0:0:0:0:0:0:0:1, SessionId=897E1F3FE898EBDFBE5A436C6BB8304F], Granted Authorities=[]]
2023-10-10T16:21:15.047+09:00 DEBUG 2288 --- [http-nio-8080-exec-5] o.s.s.web.DefaultRedirectStrategy        : Redirecting to http://localhost:8080/user/login?continue
2023-10-10T16:21:15.049+09:00 DEBUG 2288 --- [http-nio-8080-exec-10] o.s.security.web.FilterChainProxy        : Securing GET /user/login?continue
2023-10-10T16:21:15.049+09:00 DEBUG 2288 --- [http-nio-8080-exec-10] o.s.s.w.s.HttpSessionRequestCache        : Loaded matching saved request http://localhost:8080/user/login?continue
2023-10-10T16:21:15.050+09:00 DEBUG 2288 --- [http-nio-8080-exec-10] w.c.HttpSessionSecurityContextRepository : Retrieved SecurityContextImpl [Authentication=UsernamePasswordAuthenticationToken [Principal=org.springframework.security.core.userdetails.User [Username=user, Password=[PROTECTED], Enabled=true, AccountNonExpired=true, credentialsNonExpired=true, AccountNonLocked=true, Granted Authorities=[]], Credentials=[PROTECTED], Authenticated=true, Details=WebAuthenticationDetails [RemoteIpAddress=0:0:0:0:0:0:0:1, SessionId=897E1F3FE898EBDFBE5A436C6BB8304F], Granted Authorities=[]]]
2023-10-10T16:21:15.050+09:00 DEBUG 2288 --- [http-nio-8080-exec-10] o.s.security.web.FilterChainProxy        : Secured GET /user/login?continue
2023-10-10T16:21:15.082+09:00 DEBUG 2288 --- [http-nio-8080-exec-10] o.s.security.web.FilterChainProxy        : Securing GET /error?continue
2023-10-10T16:21:15.082+09:00 DEBUG 2288 --- [http-nio-8080-exec-10] w.c.HttpSessionSecurityContextRepository : Retrieved SecurityContextImpl [Authentication=UsernamePasswordAuthenticationToken [Principal=org.springframework.security.core.userdetails.User [Username=user, Password=[PROTECTED], Enabled=true, AccountNonExpired=true, credentialsNonExpired=true, AccountNonLocked=true, Granted Authorities=[]], Credentials=[PROTECTED], Authenticated=true, Details=WebAuthenticationDetails [RemoteIpAddress=0:0:0:0:0:0:0:1, SessionId=897E1F3FE898EBDFBE5A436C6BB8304F], Granted Authorities=[]]]
2023-10-10T16:21:15.082+09:00 DEBUG 2288 --- [http-nio-8080-exec-10] o.s.security.web.FilterChainProxy        : Secured GET /error?continue
2023-10-10T16:21:47.687+09:00  INFO 12256 --- [restartedMain] kr.co.sboard.SboardApplication           : Starting SboardApplication using Java 17.0.8 with PID 12256 (C:\Users\fg012\Desktop\workspace\Spring\Sboard\build\classes\java\main started by fg012 in C:\Users\fg012\Desktop\workspace\Spring\Sboard)
2023-10-10T16:21:47.688+09:00  INFO 12256 --- [restartedMain] kr.co.sboard.SboardApplication           : No active profile set, falling back to 1 default profile: "default"
2023-10-10T16:21:47.713+09:00  INFO 12256 --- [restartedMain] .e.DevToolsPropertyDefaultsPostProcessor : Devtools property defaults active! Set 'spring.devtools.add-properties' to 'false' to disable
2023-10-10T16:21:47.714+09:00  INFO 12256 --- [restartedMain] .e.DevToolsPropertyDefaultsPostProcessor : For additional web related logging consider setting the 'logging.level.web' property to 'DEBUG'
2023-10-10T16:21:48.029+09:00  INFO 12256 --- [restartedMain] .s.d.r.c.RepositoryConfigurationDelegate : Bootstrapping Spring Data JPA repositories in DEFAULT mode.
2023-10-10T16:21:48.035+09:00  INFO 12256 --- [restartedMain] .s.d.r.c.RepositoryConfigurationDelegate : Finished Spring Data repository scanning in 2 ms. Found 0 JPA repository interfaces.
2023-10-10T16:21:48.097+09:00  WARN 12256 --- [restartedMain] o.m.s.mapper.ClassPathMapperScanner      : No MyBatis mapper was found in '[kr.co.sboard]' package. Please check your configuration.
2023-10-10T16:21:48.351+09:00  INFO 12256 --- [restartedMain] o.s.b.w.embedded.tomcat.TomcatWebServer  : Tomcat initialized with port(s): 8080 (http)
2023-10-10T16:21:48.357+09:00  INFO 12256 --- [restartedMain] o.apache.catalina.core.StandardService   : Starting service [Tomcat]
2023-10-10T16:21:48.358+09:00  INFO 12256 --- [restartedMain] o.apache.catalina.core.StandardEngine    : Starting Servlet engine: [Apache Tomcat/10.1.13]
2023-10-10T16:21:48.391+09:00  INFO 12256 --- [restartedMain] o.a.c.c.C.[Tomcat].[localhost].[/]       : Initializing Spring embedded WebApplicationContext
2023-10-10T16:21:48.391+09:00  INFO 12256 --- [restartedMain] w.s.c.ServletWebServerApplicationContext : Root WebApplicationContext: initialization completed in 677 ms
2023-10-10T16:21:48.476+09:00  INFO 12256 --- [restartedMain] o.hibernate.jpa.internal.util.LogHelper  : HHH000204: Processing PersistenceUnitInfo [name: default]
2023-10-10T16:21:48.500+09:00  INFO 12256 --- [restartedMain] org.hibernate.Version                    : HHH000412: Hibernate ORM core version 6.2.9.Final
2023-10-10T16:21:48.501+09:00  INFO 12256 --- [restartedMain] org.hibernate.cfg.Environment            : HHH000406: Using bytecode reflection optimizer
2023-10-10T16:21:48.567+09:00  INFO 12256 --- [restartedMain] o.h.b.i.BytecodeProviderInitiator        : HHH000021: Bytecode provider name : bytebuddy
2023-10-10T16:21:48.632+09:00  INFO 12256 --- [restartedMain] o.s.o.j.p.SpringPersistenceUnitInfo      : No LoadTimeWeaver setup: ignoring JPA class transformer
2023-10-10T16:21:48.641+09:00  INFO 12256 --- [restartedMain] com.zaxxer.hikari.HikariDataSource       : HikariPool-1 - Starting...
2023-10-10T16:21:48.884+09:00  INFO 12256 --- [restartedMain] com.zaxxer.hikari.pool.HikariPool        : HikariPool-1 - Added connection com.mysql.cj.jdbc.ConnectionImpl@5f043ff2
2023-10-10T16:21:48.886+09:00  INFO 12256 --- [restartedMain] com.zaxxer.hikari.HikariDataSource       : HikariPool-1 - Start completed.
2023-10-10T16:21:48.925+09:00  WARN 12256 --- [restartedMain] org.hibernate.orm.deprecation            : HHH90000026: MySQL57Dialect has been deprecated; use org.hibernate.dialect.MySQLDialect instead
2023-10-10T16:21:48.972+09:00  INFO 12256 --- [restartedMain] o.h.b.i.BytecodeProviderInitiator        : HHH000021: Bytecode provider name : bytebuddy
2023-10-10T16:21:49.082+09:00  INFO 12256 --- [restartedMain] o.h.e.t.j.p.i.JtaPlatformInitiator       : HHH000490: Using JtaPlatform implementation: [org.hibernate.engine.transaction.jta.platform.internal.NoJtaPlatform]
2023-10-10T16:21:49.084+09:00  INFO 12256 --- [restartedMain] j.LocalContainerEntityManagerFactoryBean : Initialized JPA EntityManagerFactory for persistence unit 'default'
2023-10-10T16:21:49.105+09:00  WARN 12256 --- [restartedMain] JpaBaseConfiguration$JpaWebConfiguration : spring.jpa.open-in-view is enabled by default. Therefore, database queries may be performed during view rendering. Explicitly configure spring.jpa.open-in-view to disable this warning
2023-10-10T16:21:49.181+09:00  INFO 12256 --- [restartedMain] o.s.b.a.w.s.WelcomePageHandlerMapping    : Adding welcome page template: index
2023-10-10T16:21:49.367+09:00  INFO 12256 --- [restartedMain] o.s.s.web.DefaultSecurityFilterChain     : Will secure any request with [org.springframework.security.web.session.DisableEncodeUrlFilter@47908ccd, org.springframework.security.web.context.request.async.WebAsyncManagerIntegrationFilter@29e518c2, org.springframework.security.web.context.SecurityContextHolderFilter@25d70c97, org.springframework.security.web.header.HeaderWriterFilter@3da4539c, org.springframework.security.web.csrf.CsrfFilter@503efa2d, org.springframework.security.web.authentication.logout.LogoutFilter@721adff0, org.springframework.security.web.authentication.UsernamePasswordAuthenticationFilter@2c07eae6, org.springframework.security.web.authentication.ui.DefaultLoginPageGeneratingFilter@784fa6d8, org.springframework.security.web.authentication.ui.DefaultLogoutPageGeneratingFilter@38fd4a9c, org.springframework.security.web.authentication.www.BasicAuthenticationFilter@6ca0577a, org.springframework.security.web.savedrequest.RequestCacheAwareFilter@778ed595, org.springframework.security.web.servletapi.SecurityContextHolderAwareRequestFilter@7ce04c2b, org.springframework.security.web.authentication.AnonymousAuthenticationFilter@29aea217, org.springframework.security.web.access.ExceptionTranslationFilter@704d712a, org.springframework.security.web.access.intercept.AuthorizationFilter@5003a70e]
2023-10-10T16:21:49.399+09:00  INFO 12256 --- [restartedMain] o.s.b.d.a.OptionalLiveReloadServer       : LiveReload server is running on port 35729
2023-10-10T16:21:49.416+09:00  INFO 12256 --- [restartedMain] o.s.b.w.embedded.tomcat.TomcatWebServer  : Tomcat started on port(s): 8080 (http) with context path ''
2023-10-10T16:21:49.421+09:00  INFO 12256 --- [restartedMain] kr.co.sboard.SboardApplication           : Started SboardApplication in 1.93 seconds (process running for 2.135)
2023-10-10T16:21:51.643+09:00  INFO 12256 --- [http-nio-8080-exec-1] o.a.c.c.C.[Tomcat].[localhost].[/]       : Initializing Spring DispatcherServlet 'dispatcherServlet'
2023-10-10T16:21:51.646+09:00  INFO 12256 --- [http-nio-8080-exec-1] o.s.web.servlet.DispatcherServlet        : Initializing Servlet 'dispatcherServlet'
2023-10-10T16:21:51.648+09:00  INFO 12256 --- [http-nio-8080-exec-1] o.s.web.servlet.DispatcherServlet        : Completed initialization in 1 ms
2023-10-10T16:21:51.655+09:00 DEBUG 12256 --- [http-nio-8080-exec-1] o.s.security.web.FilterChainProxy        : Securing GET /user/login?continue
2023-10-10T16:21:51.665+09:00 DEBUG 12256 --- [http-nio-8080-exec-1] o.s.s.w.a.AnonymousAuthenticationFilter  : Set SecurityContextHolder to anonymous SecurityContext
2023-10-10T16:21:51.678+09:00 DEBUG 12256 --- [http-nio-8080-exec-1] o.s.s.w.s.HttpSessionRequestCache        : Saved request http://localhost:8080/user/login?continue to session
2023-10-10T16:21:51.680+09:00 DEBUG 12256 --- [http-nio-8080-exec-1] s.w.a.DelegatingAuthenticationEntryPoint : Trying to match using And [Not [RequestHeaderRequestMatcher [expectedHeaderName=X-Requested-With, expectedHeaderValue=XMLHttpRequest]], MediaTypeRequestMatcher [contentNegotiationStrategy=org.springframework.web.accept.ContentNegotiationManager@17e6aecd, matchingMediaTypes=[application/xhtml+xml, image/*, text/html, text/plain], useEquals=false, ignoredMediaTypes=[*/*]]]
2023-10-10T16:21:51.680+09:00 DEBUG 12256 --- [http-nio-8080-exec-1] s.w.a.DelegatingAuthenticationEntryPoint : Match found! Executing org.springframework.security.web.authentication.LoginUrlAuthenticationEntryPoint@565bf559
2023-10-10T16:21:51.681+09:00 DEBUG 12256 --- [http-nio-8080-exec-1] o.s.s.web.DefaultRedirectStrategy        : Redirecting to http://localhost:8080/login
2023-10-10T16:21:51.683+09:00 DEBUG 12256 --- [http-nio-8080-exec-2] o.s.security.web.FilterChainProxy        : Securing GET /login
2023-10-10T16:21:51.772+09:00 DEBUG 12256 --- [http-nio-8080-exec-3] o.s.security.web.FilterChainProxy        : Securing GET /login
2023-10-10T16:21:51.948+09:00 DEBUG 12256 --- [http-nio-8080-exec-4] o.s.security.web.FilterChainProxy        : Securing GET /login
2023-10-10T16:21:52.122+09:00 DEBUG 12256 --- [http-nio-8080-exec-5] o.s.security.web.FilterChainProxy        : Securing GET /login
2023-10-10T16:21:55.630+09:00 DEBUG 12256 --- [http-nio-8080-exec-6] o.s.security.web.FilterChainProxy        : Securing POST /login
2023-10-10T16:21:55.751+09:00 DEBUG 12256 --- [http-nio-8080-exec-6] o.s.s.a.dao.DaoAuthenticationProvider    : Authenticated user
2023-10-10T16:21:55.753+09:00 DEBUG 12256 --- [http-nio-8080-exec-6] .s.ChangeSessionIdAuthenticationStrategy : Changed session id from C4A41FEAD7F56FE895F301B574D1AA7E
2023-10-10T16:21:55.753+09:00 DEBUG 12256 --- [http-nio-8080-exec-6] o.s.s.w.csrf.CsrfAuthenticationStrategy  : Replaced CSRF Token
2023-10-10T16:21:55.754+09:00 DEBUG 12256 --- [http-nio-8080-exec-6] w.c.HttpSessionSecurityContextRepository : Stored SecurityContextImpl [Authentication=UsernamePasswordAuthenticationToken [Principal=org.springframework.security.core.userdetails.User [Username=user, Password=[PROTECTED], Enabled=true, AccountNonExpired=true, credentialsNonExpired=true, AccountNonLocked=true, Granted Authorities=[]], Credentials=[PROTECTED], Authenticated=true, Details=WebAuthenticationDetails [RemoteIpAddress=0:0:0:0:0:0:0:1, SessionId=C4A41FEAD7F56FE895F301B574D1AA7E], Granted Authorities=[]]] to HttpSession [org.apache.catalina.session.StandardSessionFacade@234983de]
2023-10-10T16:21:55.754+09:00 DEBUG 12256 --- [http-nio-8080-exec-6] w.a.UsernamePasswordAuthenticationFilter : Set SecurityContextHolder to UsernamePasswordAuthenticationToken [Principal=org.springframework.security.core.userdetails.User [Username=user, Password=[PROTECTED], Enabled=true, AccountNonExpired=true, credentialsNonExpired=true, AccountNonLocked=true, Granted Authorities=[]], Credentials=[PROTECTED], Authenticated=true, Details=WebAuthenticationDetails [RemoteIpAddress=0:0:0:0:0:0:0:1, SessionId=C4A41FEAD7F56FE895F301B574D1AA7E], Granted Authorities=[]]
2023-10-10T16:21:55.754+09:00 DEBUG 12256 --- [http-nio-8080-exec-6] o.s.s.web.DefaultRedirectStrategy        : Redirecting to http://localhost:8080/user/login?continue
2023-10-10T16:21:55.756+09:00 DEBUG 12256 --- [http-nio-8080-exec-7] o.s.security.web.FilterChainProxy        : Securing GET /user/login?continue
2023-10-10T16:21:55.757+09:00 DEBUG 12256 --- [http-nio-8080-exec-7] o.s.s.w.s.HttpSessionRequestCache        : Loaded matching saved request http://localhost:8080/user/login?continue
2023-10-10T16:21:55.758+09:00 DEBUG 12256 --- [http-nio-8080-exec-7] w.c.HttpSessionSecurityContextRepository : Retrieved SecurityContextImpl [Authentication=UsernamePasswordAuthenticationToken [Principal=org.springframework.security.core.userdetails.User [Username=user, Password=[PROTECTED], Enabled=true, AccountNonExpired=true, credentialsNonExpired=true, AccountNonLocked=true, Granted Authorities=[]], Credentials=[PROTECTED], Authenticated=true, Details=WebAuthenticationDetails [RemoteIpAddress=0:0:0:0:0:0:0:1, SessionId=C4A41FEAD7F56FE895F301B574D1AA7E], Granted Authorities=[]]]
2023-10-10T16:21:55.758+09:00 DEBUG 12256 --- [http-nio-8080-exec-7] o.s.security.web.FilterChainProxy        : Secured GET /user/login?continue
2023-10-10T16:21:55.790+09:00 DEBUG 12256 --- [http-nio-8080-exec-7] o.s.security.web.FilterChainProxy        : Securing GET /error?continue
2023-10-10T16:21:55.790+09:00 DEBUG 12256 --- [http-nio-8080-exec-7] w.c.HttpSessionSecurityContextRepository : Retrieved SecurityContextImpl [Authentication=UsernamePasswordAuthenticationToken [Principal=org.springframework.security.core.userdetails.User [Username=user, Password=[PROTECTED], Enabled=true, AccountNonExpired=true, credentialsNonExpired=true, AccountNonLocked=true, Granted Authorities=[]], Credentials=[PROTECTED], Authenticated=true, Details=WebAuthenticationDetails [RemoteIpAddress=0:0:0:0:0:0:0:1, SessionId=C4A41FEAD7F56FE895F301B574D1AA7E], Granted Authorities=[]]]
2023-10-10T16:21:55.790+09:00 DEBUG 12256 --- [http-nio-8080-exec-7] o.s.security.web.FilterChainProxy        : Secured GET /error?continue
2023-10-10T16:22:41.824+09:00  INFO 14780 --- [restartedMain] kr.co.sboard.SboardApplication           : Starting SboardApplication using Java 17.0.8 with PID 14780 (C:\Users\fg012\Desktop\workspace\Spring\Sboard\build\classes\java\main started by fg012 in C:\Users\fg012\Desktop\workspace\Spring\Sboard)
2023-10-10T16:22:41.825+09:00  INFO 14780 --- [restartedMain] kr.co.sboard.SboardApplication           : No active profile set, falling back to 1 default profile: "default"
2023-10-10T16:22:41.848+09:00  INFO 14780 --- [restartedMain] .e.DevToolsPropertyDefaultsPostProcessor : Devtools property defaults active! Set 'spring.devtools.add-properties' to 'false' to disable
2023-10-10T16:22:41.849+09:00  INFO 14780 --- [restartedMain] .e.DevToolsPropertyDefaultsPostProcessor : For additional web related logging consider setting the 'logging.level.web' property to 'DEBUG'
2023-10-10T16:22:42.159+09:00  INFO 14780 --- [restartedMain] .s.d.r.c.RepositoryConfigurationDelegate : Bootstrapping Spring Data JPA repositories in DEFAULT mode.
2023-10-10T16:22:42.166+09:00  INFO 14780 --- [restartedMain] .s.d.r.c.RepositoryConfigurationDelegate : Finished Spring Data repository scanning in 2 ms. Found 0 JPA repository interfaces.
2023-10-10T16:22:42.227+09:00  WARN 14780 --- [restartedMain] o.m.s.mapper.ClassPathMapperScanner      : No MyBatis mapper was found in '[kr.co.sboard]' package. Please check your configuration.
2023-10-10T16:22:42.467+09:00  INFO 14780 --- [restartedMain] o.s.b.w.embedded.tomcat.TomcatWebServer  : Tomcat initialized with port(s): 8080 (http)
2023-10-10T16:22:42.474+09:00  INFO 14780 --- [restartedMain] o.apache.catalina.core.StandardService   : Starting service [Tomcat]
2023-10-10T16:22:42.474+09:00  INFO 14780 --- [restartedMain] o.apache.catalina.core.StandardEngine    : Starting Servlet engine: [Apache Tomcat/10.1.13]
2023-10-10T16:22:42.506+09:00  INFO 14780 --- [restartedMain] o.a.c.c.C.[Tomcat].[localhost].[/]       : Initializing Spring embedded WebApplicationContext
2023-10-10T16:22:42.506+09:00  INFO 14780 --- [restartedMain] w.s.c.ServletWebServerApplicationContext : Root WebApplicationContext: initialization completed in 657 ms
2023-10-10T16:22:42.584+09:00  INFO 14780 --- [restartedMain] o.hibernate.jpa.internal.util.LogHelper  : HHH000204: Processing PersistenceUnitInfo [name: default]
2023-10-10T16:22:42.607+09:00  INFO 14780 --- [restartedMain] org.hibernate.Version                    : HHH000412: Hibernate ORM core version 6.2.9.Final
2023-10-10T16:22:42.609+09:00  INFO 14780 --- [restartedMain] org.hibernate.cfg.Environment            : HHH000406: Using bytecode reflection optimizer
2023-10-10T16:22:42.672+09:00  INFO 14780 --- [restartedMain] o.h.b.i.BytecodeProviderInitiator        : HHH000021: Bytecode provider name : bytebuddy
2023-10-10T16:22:42.735+09:00  INFO 14780 --- [restartedMain] o.s.o.j.p.SpringPersistenceUnitInfo      : No LoadTimeWeaver setup: ignoring JPA class transformer
2023-10-10T16:22:42.743+09:00  INFO 14780 --- [restartedMain] com.zaxxer.hikari.HikariDataSource       : HikariPool-1 - Starting...
2023-10-10T16:22:42.974+09:00  INFO 14780 --- [restartedMain] com.zaxxer.hikari.pool.HikariPool        : HikariPool-1 - Added connection com.mysql.cj.jdbc.ConnectionImpl@4be7c747
2023-10-10T16:22:42.978+09:00  INFO 14780 --- [restartedMain] com.zaxxer.hikari.HikariDataSource       : HikariPool-1 - Start completed.
2023-10-10T16:22:43.024+09:00  WARN 14780 --- [restartedMain] org.hibernate.orm.deprecation            : HHH90000026: MySQL57Dialect has been deprecated; use org.hibernate.dialect.MySQLDialect instead
2023-10-10T16:22:43.070+09:00  INFO 14780 --- [restartedMain] o.h.b.i.BytecodeProviderInitiator        : HHH000021: Bytecode provider name : bytebuddy
2023-10-10T16:22:43.174+09:00  INFO 14780 --- [restartedMain] o.h.e.t.j.p.i.JtaPlatformInitiator       : HHH000490: Using JtaPlatform implementation: [org.hibernate.engine.transaction.jta.platform.internal.NoJtaPlatform]
2023-10-10T16:22:43.177+09:00  INFO 14780 --- [restartedMain] j.LocalContainerEntityManagerFactoryBean : Initialized JPA EntityManagerFactory for persistence unit 'default'
2023-10-10T16:22:43.199+09:00  WARN 14780 --- [restartedMain] JpaBaseConfiguration$JpaWebConfiguration : spring.jpa.open-in-view is enabled by default. Therefore, database queries may be performed during view rendering. Explicitly configure spring.jpa.open-in-view to disable this warning
2023-10-10T16:22:43.277+09:00  INFO 14780 --- [restartedMain] o.s.b.a.w.s.WelcomePageHandlerMapping    : Adding welcome page template: index
2023-10-10T16:22:43.459+09:00  INFO 14780 --- [restartedMain] o.s.s.web.DefaultSecurityFilterChain     : Will secure any request with [org.springframework.security.web.session.DisableEncodeUrlFilter@e70abf0, org.springframework.security.web.context.request.async.WebAsyncManagerIntegrationFilter@726986ea, org.springframework.security.web.context.SecurityContextHolderFilter@42388f83, org.springframework.security.web.header.HeaderWriterFilter@d8e9963, org.springframework.security.web.csrf.CsrfFilter@79cb4d31, org.springframework.security.web.authentication.logout.LogoutFilter@1dd15f9e, org.springframework.security.web.authentication.UsernamePasswordAuthenticationFilter@261cff9e, org.springframework.security.web.authentication.ui.DefaultLoginPageGeneratingFilter@36fcfccc, org.springframework.security.web.authentication.ui.DefaultLogoutPageGeneratingFilter@46ed55bc, org.springframework.security.web.authentication.www.BasicAuthenticationFilter@35e9318d, org.springframework.security.web.savedrequest.RequestCacheAwareFilter@7e4eadd0, org.springframework.security.web.servletapi.SecurityContextHolderAwareRequestFilter@654851ea, org.springframework.security.web.authentication.AnonymousAuthenticationFilter@1be2b9c9, org.springframework.security.web.access.ExceptionTranslationFilter@17c467e9, org.springframework.security.web.access.intercept.AuthorizationFilter@258529a4]
2023-10-10T16:22:43.490+09:00  INFO 14780 --- [restartedMain] o.s.b.d.a.OptionalLiveReloadServer       : LiveReload server is running on port 35729
2023-10-10T16:22:43.507+09:00  INFO 14780 --- [restartedMain] o.s.b.w.embedded.tomcat.TomcatWebServer  : Tomcat started on port(s): 8080 (http) with context path ''
2023-10-10T16:22:43.512+09:00  INFO 14780 --- [restartedMain] kr.co.sboard.SboardApplication           : Started SboardApplication in 1.89 seconds (process running for 2.085)
